<?xml version="1.0" encoding="UTF-8"?>
<testsuite xmlns:xsi="http://www.w3.org/2001/XMLSchema-instance" xsi:noNamespaceSchemaLocation="https://maven.apache.org/surefire/maven-surefire-plugin/xsd/surefire-test-report.xsd" name="HandTest" time="0.426" tests="34" errors="0" skipped="0" failures="0">
  <properties>
    <property name="sun.desktop" value="windows"/>
    <property name="awt.toolkit" value="sun.awt.windows.WToolkit"/>
    <property name="java.specification.version" value="11"/>
    <property name="sun.cpu.isalist" value="amd64"/>
    <property name="sun.jnu.encoding" value="Cp1250"/>
    <property name="java.class.path" value="C:\Users\Wojciech\IdeaProjects\holdem\target\test-classes;C:\Users\Wojciech\IdeaProjects\holdem\target\classes;C:\Users\Wojciech\.m2\repository\org\springframework\boot\spring-boot-starter\2.1.1.RELEASE\spring-boot-starter-2.1.1.RELEASE.jar;C:\Users\Wojciech\.m2\repository\org\springframework\boot\spring-boot\2.1.1.RELEASE\spring-boot-2.1.1.RELEASE.jar;C:\Users\Wojciech\.m2\repository\org\springframework\spring-context\5.1.3.RELEASE\spring-context-5.1.3.RELEASE.jar;C:\Users\Wojciech\.m2\repository\org\springframework\spring-aop\5.1.3.RELEASE\spring-aop-5.1.3.RELEASE.jar;C:\Users\Wojciech\.m2\repository\org\springframework\spring-beans\5.1.3.RELEASE\spring-beans-5.1.3.RELEASE.jar;C:\Users\Wojciech\.m2\repository\org\springframework\spring-expression\5.1.3.RELEASE\spring-expression-5.1.3.RELEASE.jar;C:\Users\Wojciech\.m2\repository\org\springframework\boot\spring-boot-autoconfigure\2.1.1.RELEASE\spring-boot-autoconfigure-2.1.1.RELEASE.jar;C:\Users\Wojciech\.m2\repository\org\springframework\boot\spring-boot-starter-logging\2.1.1.RELEASE\spring-boot-starter-logging-2.1.1.RELEASE.jar;C:\Users\Wojciech\.m2\repository\ch\qos\logback\logback-classic\1.2.3\logback-classic-1.2.3.jar;C:\Users\Wojciech\.m2\repository\ch\qos\logback\logback-core\1.2.3\logback-core-1.2.3.jar;C:\Users\Wojciech\.m2\repository\org\apache\logging\log4j\log4j-to-slf4j\2.11.1\log4j-to-slf4j-2.11.1.jar;C:\Users\Wojciech\.m2\repository\org\apache\logging\log4j\log4j-api\2.11.1\log4j-api-2.11.1.jar;C:\Users\Wojciech\.m2\repository\org\slf4j\jul-to-slf4j\1.7.25\jul-to-slf4j-1.7.25.jar;C:\Users\Wojciech\.m2\repository\javax\annotation\javax.annotation-api\1.3.2\javax.annotation-api-1.3.2.jar;C:\Users\Wojciech\.m2\repository\org\springframework\spring-core\5.1.3.RELEASE\spring-core-5.1.3.RELEASE.jar;C:\Users\Wojciech\.m2\repository\org\springframework\spring-jcl\5.1.3.RELEASE\spring-jcl-5.1.3.RELEASE.jar;C:\Users\Wojciech\.m2\repository\org\yaml\snakeyaml\1.23\snakeyaml-1.23.jar;C:\Users\Wojciech\.m2\repository\org\springframework\boot\spring-boot-starter-test\2.1.1.RELEASE\spring-boot-starter-test-2.1.1.RELEASE.jar;C:\Users\Wojciech\.m2\repository\org\springframework\boot\spring-boot-test\2.1.1.RELEASE\spring-boot-test-2.1.1.RELEASE.jar;C:\Users\Wojciech\.m2\repository\org\springframework\boot\spring-boot-test-autoconfigure\2.1.1.RELEASE\spring-boot-test-autoconfigure-2.1.1.RELEASE.jar;C:\Users\Wojciech\.m2\repository\com\jayway\jsonpath\json-path\2.4.0\json-path-2.4.0.jar;C:\Users\Wojciech\.m2\repository\net\minidev\json-smart\2.3\json-smart-2.3.jar;C:\Users\Wojciech\.m2\repository\net\minidev\accessors-smart\1.2\accessors-smart-1.2.jar;C:\Users\Wojciech\.m2\repository\org\ow2\asm\asm\5.0.4\asm-5.0.4.jar;C:\Users\Wojciech\.m2\repository\org\slf4j\slf4j-api\1.7.25\slf4j-api-1.7.25.jar;C:\Users\Wojciech\.m2\repository\org\assertj\assertj-core\3.11.1\assertj-core-3.11.1.jar;C:\Users\Wojciech\.m2\repository\org\mockito\mockito-core\2.23.4\mockito-core-2.23.4.jar;C:\Users\Wojciech\.m2\repository\net\bytebuddy\byte-buddy-agent\1.9.5\byte-buddy-agent-1.9.5.jar;C:\Users\Wojciech\.m2\repository\org\objenesis\objenesis\2.6\objenesis-2.6.jar;C:\Users\Wojciech\.m2\repository\org\hamcrest\hamcrest-core\1.3\hamcrest-core-1.3.jar;C:\Users\Wojciech\.m2\repository\org\hamcrest\hamcrest-library\1.3\hamcrest-library-1.3.jar;C:\Users\Wojciech\.m2\repository\org\skyscreamer\jsonassert\1.5.0\jsonassert-1.5.0.jar;C:\Users\Wojciech\.m2\repository\com\vaadin\external\google\android-json\0.0.20131108.vaadin1\android-json-0.0.20131108.vaadin1.jar;C:\Users\Wojciech\.m2\repository\org\springframework\spring-test\5.1.3.RELEASE\spring-test-5.1.3.RELEASE.jar;C:\Users\Wojciech\.m2\repository\org\xmlunit\xmlunit-core\2.6.2\xmlunit-core-2.6.2.jar;C:\Users\Wojciech\.m2\repository\junit\junit\4.12\junit-4.12.jar;C:\Users\Wojciech\.m2\repository\org\projectlombok\lombok\1.18.4\lombok-1.18.4.jar;C:\Users\Wojciech\.m2\repository\mysql\mysql-connector-java\8.0.13\mysql-connector-java-8.0.13.jar;C:\Users\Wojciech\.m2\repository\javax\activation\javax.activation-api\1.2.0\javax.activation-api-1.2.0.jar;C:\Users\Wojciech\.m2\repository\org\hibernate\hibernate-core\5.4.0.Final\hibernate-core-5.4.0.Final.jar;C:\Users\Wojciech\.m2\repository\org\jboss\logging\jboss-logging\3.3.2.Final\jboss-logging-3.3.2.Final.jar;C:\Users\Wojciech\.m2\repository\javax\persistence\javax.persistence-api\2.2\javax.persistence-api-2.2.jar;C:\Users\Wojciech\.m2\repository\org\javassist\javassist\3.24.0-GA\javassist-3.24.0-GA.jar;C:\Users\Wojciech\.m2\repository\net\bytebuddy\byte-buddy\1.9.5\byte-buddy-1.9.5.jar;C:\Users\Wojciech\.m2\repository\antlr\antlr\2.7.7\antlr-2.7.7.jar;C:\Users\Wojciech\.m2\repository\org\jboss\spec\javax\transaction\jboss-transaction-api_1.2_spec\1.1.1.Final\jboss-transaction-api_1.2_spec-1.1.1.Final.jar;C:\Users\Wojciech\.m2\repository\org\jboss\jandex\2.0.5.Final\jandex-2.0.5.Final.jar;C:\Users\Wojciech\.m2\repository\com\fasterxml\classmate\1.4.0\classmate-1.4.0.jar;C:\Users\Wojciech\.m2\repository\org\dom4j\dom4j\2.1.1\dom4j-2.1.1.jar;C:\Users\Wojciech\.m2\repository\org\hibernate\common\hibernate-commons-annotations\5.1.0.Final\hibernate-commons-annotations-5.1.0.Final.jar;C:\Users\Wojciech\.m2\repository\org\glassfish\jaxb\jaxb-runtime\2.3.1\jaxb-runtime-2.3.1.jar;C:\Users\Wojciech\.m2\repository\org\glassfish\jaxb\txw2\2.3.1\txw2-2.3.1.jar;C:\Users\Wojciech\.m2\repository\com\sun\istack\istack-commons-runtime\3.0.7\istack-commons-runtime-3.0.7.jar;C:\Users\Wojciech\.m2\repository\org\jvnet\staxex\stax-ex\1.8\stax-ex-1.8.jar;C:\Users\Wojciech\.m2\repository\com\sun\xml\fastinfoset\FastInfoset\1.2.15\FastInfoset-1.2.15.jar;C:\Users\Wojciech\.m2\repository\org\hibernate\hibernate-entitymanager\5.4.0.Final\hibernate-entitymanager-5.4.0.Final.jar;C:\Users\Wojciech\.m2\repository\org\apache\tomcat\embed\tomcat-embed-core\9.0.14\tomcat-embed-core-9.0.14.jar;C:\Users\Wojciech\.m2\repository\org\apache\tomcat\tomcat-annotations-api\9.0.13\tomcat-annotations-api-9.0.13.jar;C:\Users\Wojciech\.m2\repository\javax\xml\bind\jaxb-api\2.3.0\jaxb-api-2.3.0.jar;C:\Users\Wojciech\.m2\repository\com\sun\xml\bind\jaxb-core\2.3.0\jaxb-core-2.3.0.jar;C:\Users\Wojciech\.m2\repository\com\sun\xml\bind\jaxb-impl\2.3.0\jaxb-impl-2.3.0.jar;C:\Users\Wojciech\.m2\repository\org\openjfx\javafx-base\11\javafx-base-11.jar;C:\Users\Wojciech\.m2\repository\org\openjfx\javafx-base\11\javafx-base-11-win.jar;C:\Users\Wojciech\.m2\repository\org\openjfx\javafx-controls\11\javafx-controls-11.jar;C:\Users\Wojciech\.m2\repository\org\openjfx\javafx-controls\11\javafx-controls-11-win.jar;C:\Users\Wojciech\.m2\repository\org\openjfx\javafx-media\11\javafx-media-11.jar;C:\Users\Wojciech\.m2\repository\org\openjfx\javafx-media\11\javafx-media-11-win.jar;C:\Users\Wojciech\.m2\repository\org\openjfx\javafx-graphics\11\javafx-graphics-11.jar;C:\Users\Wojciech\.m2\repository\org\openjfx\javafx-graphics\11\javafx-graphics-11-win.jar;C:\Users\Wojciech\.m2\repository\org\openjfx\javafx-fxml\11\javafx-fxml-11.jar;C:\Users\Wojciech\.m2\repository\org\openjfx\javafx-fxml\11\javafx-fxml-11-win.jar;C:\Users\Wojciech\.m2\repository\org\jetbrains\annotations\16.0.3\annotations-16.0.3.jar;"/>
    <property name="java.vm.vendor" value="Oracle Corporation"/>
    <property name="sun.arch.data.model" value="64"/>
    <property name="user.variant" value=""/>
    <property name="java.vendor.url" value="http://java.oracle.com/"/>
    <property name="user.timezone" value="Europe/Belgrade"/>
    <property name="java.vm.specification.version" value="11"/>
    <property name="os.name" value="Windows 10"/>
    <property name="sun.java.launcher" value="SUN_STANDARD"/>
    <property name="user.country" value="PL"/>
    <property name="sun.boot.library.path" value="C:\Program Files\Java\jdk-11.0.1\bin"/>
    <property name="sun.java.command" value="C:\Users\Wojciech\AppData\Local\Temp\surefire5138349191110057145\surefirebooter14442506496443883557.jar C:\Users\Wojciech\AppData\Local\Temp\surefire5138349191110057145 2019-01-11T19-11-27_319-jvmRun1 surefire8747110542420988625tmp surefire_011593442825706558607tmp"/>
    <property name="jdk.debug" value="release"/>
    <property name="surefire.test.class.path" value="C:\Users\Wojciech\IdeaProjects\holdem\target\test-classes;C:\Users\Wojciech\IdeaProjects\holdem\target\classes;C:\Users\Wojciech\.m2\repository\org\springframework\boot\spring-boot-starter\2.1.1.RELEASE\spring-boot-starter-2.1.1.RELEASE.jar;C:\Users\Wojciech\.m2\repository\org\springframework\boot\spring-boot\2.1.1.RELEASE\spring-boot-2.1.1.RELEASE.jar;C:\Users\Wojciech\.m2\repository\org\springframework\spring-context\5.1.3.RELEASE\spring-context-5.1.3.RELEASE.jar;C:\Users\Wojciech\.m2\repository\org\springframework\spring-aop\5.1.3.RELEASE\spring-aop-5.1.3.RELEASE.jar;C:\Users\Wojciech\.m2\repository\org\springframework\spring-beans\5.1.3.RELEASE\spring-beans-5.1.3.RELEASE.jar;C:\Users\Wojciech\.m2\repository\org\springframework\spring-expression\5.1.3.RELEASE\spring-expression-5.1.3.RELEASE.jar;C:\Users\Wojciech\.m2\repository\org\springframework\boot\spring-boot-autoconfigure\2.1.1.RELEASE\spring-boot-autoconfigure-2.1.1.RELEASE.jar;C:\Users\Wojciech\.m2\repository\org\springframework\boot\spring-boot-starter-logging\2.1.1.RELEASE\spring-boot-starter-logging-2.1.1.RELEASE.jar;C:\Users\Wojciech\.m2\repository\ch\qos\logback\logback-classic\1.2.3\logback-classic-1.2.3.jar;C:\Users\Wojciech\.m2\repository\ch\qos\logback\logback-core\1.2.3\logback-core-1.2.3.jar;C:\Users\Wojciech\.m2\repository\org\apache\logging\log4j\log4j-to-slf4j\2.11.1\log4j-to-slf4j-2.11.1.jar;C:\Users\Wojciech\.m2\repository\org\apache\logging\log4j\log4j-api\2.11.1\log4j-api-2.11.1.jar;C:\Users\Wojciech\.m2\repository\org\slf4j\jul-to-slf4j\1.7.25\jul-to-slf4j-1.7.25.jar;C:\Users\Wojciech\.m2\repository\javax\annotation\javax.annotation-api\1.3.2\javax.annotation-api-1.3.2.jar;C:\Users\Wojciech\.m2\repository\org\springframework\spring-core\5.1.3.RELEASE\spring-core-5.1.3.RELEASE.jar;C:\Users\Wojciech\.m2\repository\org\springframework\spring-jcl\5.1.3.RELEASE\spring-jcl-5.1.3.RELEASE.jar;C:\Users\Wojciech\.m2\repository\org\yaml\snakeyaml\1.23\snakeyaml-1.23.jar;C:\Users\Wojciech\.m2\repository\org\springframework\boot\spring-boot-starter-test\2.1.1.RELEASE\spring-boot-starter-test-2.1.1.RELEASE.jar;C:\Users\Wojciech\.m2\repository\org\springframework\boot\spring-boot-test\2.1.1.RELEASE\spring-boot-test-2.1.1.RELEASE.jar;C:\Users\Wojciech\.m2\repository\org\springframework\boot\spring-boot-test-autoconfigure\2.1.1.RELEASE\spring-boot-test-autoconfigure-2.1.1.RELEASE.jar;C:\Users\Wojciech\.m2\repository\com\jayway\jsonpath\json-path\2.4.0\json-path-2.4.0.jar;C:\Users\Wojciech\.m2\repository\net\minidev\json-smart\2.3\json-smart-2.3.jar;C:\Users\Wojciech\.m2\repository\net\minidev\accessors-smart\1.2\accessors-smart-1.2.jar;C:\Users\Wojciech\.m2\repository\org\ow2\asm\asm\5.0.4\asm-5.0.4.jar;C:\Users\Wojciech\.m2\repository\org\slf4j\slf4j-api\1.7.25\slf4j-api-1.7.25.jar;C:\Users\Wojciech\.m2\repository\org\assertj\assertj-core\3.11.1\assertj-core-3.11.1.jar;C:\Users\Wojciech\.m2\repository\org\mockito\mockito-core\2.23.4\mockito-core-2.23.4.jar;C:\Users\Wojciech\.m2\repository\net\bytebuddy\byte-buddy-agent\1.9.5\byte-buddy-agent-1.9.5.jar;C:\Users\Wojciech\.m2\repository\org\objenesis\objenesis\2.6\objenesis-2.6.jar;C:\Users\Wojciech\.m2\repository\org\hamcrest\hamcrest-core\1.3\hamcrest-core-1.3.jar;C:\Users\Wojciech\.m2\repository\org\hamcrest\hamcrest-library\1.3\hamcrest-library-1.3.jar;C:\Users\Wojciech\.m2\repository\org\skyscreamer\jsonassert\1.5.0\jsonassert-1.5.0.jar;C:\Users\Wojciech\.m2\repository\com\vaadin\external\google\android-json\0.0.20131108.vaadin1\android-json-0.0.20131108.vaadin1.jar;C:\Users\Wojciech\.m2\repository\org\springframework\spring-test\5.1.3.RELEASE\spring-test-5.1.3.RELEASE.jar;C:\Users\Wojciech\.m2\repository\org\xmlunit\xmlunit-core\2.6.2\xmlunit-core-2.6.2.jar;C:\Users\Wojciech\.m2\repository\junit\junit\4.12\junit-4.12.jar;C:\Users\Wojciech\.m2\repository\org\projectlombok\lombok\1.18.4\lombok-1.18.4.jar;C:\Users\Wojciech\.m2\repository\mysql\mysql-connector-java\8.0.13\mysql-connector-java-8.0.13.jar;C:\Users\Wojciech\.m2\repository\javax\activation\javax.activation-api\1.2.0\javax.activation-api-1.2.0.jar;C:\Users\Wojciech\.m2\repository\org\hibernate\hibernate-core\5.4.0.Final\hibernate-core-5.4.0.Final.jar;C:\Users\Wojciech\.m2\repository\org\jboss\logging\jboss-logging\3.3.2.Final\jboss-logging-3.3.2.Final.jar;C:\Users\Wojciech\.m2\repository\javax\persistence\javax.persistence-api\2.2\javax.persistence-api-2.2.jar;C:\Users\Wojciech\.m2\repository\org\javassist\javassist\3.24.0-GA\javassist-3.24.0-GA.jar;C:\Users\Wojciech\.m2\repository\net\bytebuddy\byte-buddy\1.9.5\byte-buddy-1.9.5.jar;C:\Users\Wojciech\.m2\repository\antlr\antlr\2.7.7\antlr-2.7.7.jar;C:\Users\Wojciech\.m2\repository\org\jboss\spec\javax\transaction\jboss-transaction-api_1.2_spec\1.1.1.Final\jboss-transaction-api_1.2_spec-1.1.1.Final.jar;C:\Users\Wojciech\.m2\repository\org\jboss\jandex\2.0.5.Final\jandex-2.0.5.Final.jar;C:\Users\Wojciech\.m2\repository\com\fasterxml\classmate\1.4.0\classmate-1.4.0.jar;C:\Users\Wojciech\.m2\repository\org\dom4j\dom4j\2.1.1\dom4j-2.1.1.jar;C:\Users\Wojciech\.m2\repository\org\hibernate\common\hibernate-commons-annotations\5.1.0.Final\hibernate-commons-annotations-5.1.0.Final.jar;C:\Users\Wojciech\.m2\repository\org\glassfish\jaxb\jaxb-runtime\2.3.1\jaxb-runtime-2.3.1.jar;C:\Users\Wojciech\.m2\repository\org\glassfish\jaxb\txw2\2.3.1\txw2-2.3.1.jar;C:\Users\Wojciech\.m2\repository\com\sun\istack\istack-commons-runtime\3.0.7\istack-commons-runtime-3.0.7.jar;C:\Users\Wojciech\.m2\repository\org\jvnet\staxex\stax-ex\1.8\stax-ex-1.8.jar;C:\Users\Wojciech\.m2\repository\com\sun\xml\fastinfoset\FastInfoset\1.2.15\FastInfoset-1.2.15.jar;C:\Users\Wojciech\.m2\repository\org\hibernate\hibernate-entitymanager\5.4.0.Final\hibernate-entitymanager-5.4.0.Final.jar;C:\Users\Wojciech\.m2\repository\org\apache\tomcat\embed\tomcat-embed-core\9.0.14\tomcat-embed-core-9.0.14.jar;C:\Users\Wojciech\.m2\repository\org\apache\tomcat\tomcat-annotations-api\9.0.13\tomcat-annotations-api-9.0.13.jar;C:\Users\Wojciech\.m2\repository\javax\xml\bind\jaxb-api\2.3.0\jaxb-api-2.3.0.jar;C:\Users\Wojciech\.m2\repository\com\sun\xml\bind\jaxb-core\2.3.0\jaxb-core-2.3.0.jar;C:\Users\Wojciech\.m2\repository\com\sun\xml\bind\jaxb-impl\2.3.0\jaxb-impl-2.3.0.jar;C:\Users\Wojciech\.m2\repository\org\openjfx\javafx-base\11\javafx-base-11.jar;C:\Users\Wojciech\.m2\repository\org\openjfx\javafx-base\11\javafx-base-11-win.jar;C:\Users\Wojciech\.m2\repository\org\openjfx\javafx-controls\11\javafx-controls-11.jar;C:\Users\Wojciech\.m2\repository\org\openjfx\javafx-controls\11\javafx-controls-11-win.jar;C:\Users\Wojciech\.m2\repository\org\openjfx\javafx-media\11\javafx-media-11.jar;C:\Users\Wojciech\.m2\repository\org\openjfx\javafx-media\11\javafx-media-11-win.jar;C:\Users\Wojciech\.m2\repository\org\openjfx\javafx-graphics\11\javafx-graphics-11.jar;C:\Users\Wojciech\.m2\repository\org\openjfx\javafx-graphics\11\javafx-graphics-11-win.jar;C:\Users\Wojciech\.m2\repository\org\openjfx\javafx-fxml\11\javafx-fxml-11.jar;C:\Users\Wojciech\.m2\repository\org\openjfx\javafx-fxml\11\javafx-fxml-11-win.jar;C:\Users\Wojciech\.m2\repository\org\jetbrains\annotations\16.0.3\annotations-16.0.3.jar;"/>
    <property name="sun.cpu.endian" value="little"/>
    <property name="user.home" value="C:\Users\Wojciech"/>
    <property name="user.language" value="pl"/>
    <property name="java.specification.vendor" value="Oracle Corporation"/>
    <property name="java.version.date" value="2018-10-16"/>
    <property name="java.home" value="C:\Program Files\Java\jdk-11.0.1"/>
    <property name="file.separator" value="\"/>
    <property name="basedir" value="C:\Users\Wojciech\IdeaProjects\holdem"/>
    <property name="java.vm.compressedOopsMode" value="Zero based"/>
    <property name="line.separator" value="&#10;"/>
    <property name="java.specification.name" value="Java Platform API Specification"/>
    <property name="java.vm.specification.vendor" value="Oracle Corporation"/>
    <property name="java.awt.graphicsenv" value="sun.awt.Win32GraphicsEnvironment"/>
    <property name="surefire.real.class.path" value="C:\Users\Wojciech\AppData\Local\Temp\surefire5138349191110057145\surefirebooter14442506496443883557.jar"/>
    <property name="user.script" value=""/>
    <property name="sun.management.compiler" value="HotSpot 64-Bit Tiered Compilers"/>
    <property name="java.runtime.version" value="11.0.1+13-LTS"/>
    <property name="user.name" value="Wojciech"/>
    <property name="path.separator" value=";"/>
    <property name="os.version" value="10.0"/>
    <property name="java.runtime.name" value="Java(TM) SE Runtime Environment"/>
    <property name="file.encoding" value="Cp1250"/>
    <property name="java.vm.name" value="Java HotSpot(TM) 64-Bit Server VM"/>
    <property name="java.vendor.version" value="18.9"/>
    <property name="localRepository" value="C:\Users\Wojciech\.m2\repository"/>
    <property name="java.vendor.url.bug" value="http://bugreport.java.com/bugreport/"/>
    <property name="java.io.tmpdir" value="C:\Users\Wojciech\AppData\Local\Temp\"/>
    <property name="java.version" value="11.0.1"/>
    <property name="user.dir" value="C:\Users\Wojciech\IdeaProjects\holdem"/>
    <property name="os.arch" value="amd64"/>
    <property name="java.vm.specification.name" value="Java Virtual Machine Specification"/>
    <property name="java.awt.printerjob" value="sun.awt.windows.WPrinterJob"/>
    <property name="sun.os.patch.level" value=""/>
    <property name="java.library.path" value="C:\Program Files\Java\jdk-11.0.1\bin;C:\WINDOWS\Sun\Java\bin;C:\WINDOWS\system32;C:\WINDOWS;C:\Program Files\Java\jdk-11.0.1\bin;C:\Program Files (x86)\Intel\iCLS Client\;C:\Program Files\Intel\iCLS Client\;C:\Windows\system32;C:\Windows;C:\Windows\System32\Wbem;C:\Windows\System32\WindowsPowerShell\v1.0\;C:\Program Files (x86)\NVIDIA Corporation\PhysX\Common;C:\Program Files (x86)\Intel\Intel(R) Management Engine Components\DAL;C:\Program Files\Intel\Intel(R) Management Engine Components\DAL;C:\Program Files (x86)\Intel\Intel(R) Management Engine Components\IPT;C:\Program Files\Intel\Intel(R) Management Engine Components\IPT;C:\Program Files\dotnet\;C:\Program Files\Microsoft SQL Server\130\Tools\Binn\;C:\WINDOWS\system32;C:\WINDOWS;C:\WINDOWS\System32\Wbem;C:\WINDOWS\System32\WindowsPowerShell\v1.0\;C:\WINDOWS\System32\OpenSSH\;C:\Program Files\Git\cmd;C:\Program Files\Microsoft VS Code\bin;C:\Program Files\nodejs\;C:\SQLite\sqlite-tools-win32-x86-3250100;C:\Program Files\Intel\WiFi\bin\;C:\Program Files\Common Files\Intel\WirelessCommon\;C:\Maven\bin;C:\Users\Wojciech\Anaconda3\Scripts;C:\Ruby24-x64\bin;C:\Users\Wojciech\AppData\Local\Microsoft\WindowsApps;C:\Users\Wojciech\AppData\Roaming\npm;C:\SQLite\sqlite-tools-win32-x86-3250100;C:\Program Files\Java\jdk-11.0.1\bin;;."/>
    <property name="java.vendor" value="Oracle Corporation"/>
    <property name="java.vm.info" value="mixed mode"/>
    <property name="java.vm.version" value="11.0.1+13-LTS"/>
    <property name="sun.io.unicode.encoding" value="UnicodeLittle"/>
    <property name="java.class.version" value="55.0"/>
  </properties>
  <testcase name="checkHands[0]" classname="HandTest" time="0.035"/>
  <testcase name="checkHands[1]" classname="HandTest" time="0.022"/>
  <testcase name="checkHands[2]" classname="HandTest" time="0.009"/>
  <testcase name="checkHands[3]" classname="HandTest" time="0.02"/>
  <testcase name="checkHands[4]" classname="HandTest" time="0.008"/>
  <testcase name="checkHands[5]" classname="HandTest" time="0.008"/>
  <testcase name="checkHands[6]" classname="HandTest" time="0.008"/>
  <testcase name="checkHands[7]" classname="HandTest" time="0.009"/>
  <testcase name="checkHands[8]" classname="HandTest" time="0.019"/>
  <testcase name="checkHands[9]" classname="HandTest" time="0.008"/>
  <testcase name="checkHands[10]" classname="HandTest" time="0.008"/>
  <testcase name="checkHands[11]" classname="HandTest" time="0.006"/>
  <testcase name="checkHands[12]" classname="HandTest" time="0.006"/>
  <testcase name="checkHands[13]" classname="HandTest" time="0.014"/>
  <testcase name="checkHands[14]" classname="HandTest" time="0.006"/>
  <testcase name="checkHands[15]" classname="HandTest" time="0.006"/>
  <testcase name="checkHands[16]" classname="HandTest" time="0.006"/>
  <testcase name="checkHands[17]" classname="HandTest" time="0.015"/>
  <testcase name="checkHands[18]" classname="HandTest" time="0.006"/>
  <testcase name="checkHands[19]" classname="HandTest" time="0.007"/>
  <testcase name="checkHands[20]" classname="HandTest" time="0.006"/>
  <testcase name="checkHands[21]" classname="HandTest" time="0.006"/>
  <testcase name="checkHands[22]" classname="HandTest" time="0.006"/>
  <testcase name="checkHands[23]" classname="HandTest" time="0.012"/>
  <testcase name="checkHands[24]" classname="HandTest" time="0.006"/>
  <testcase name="checkHands[25]" classname="HandTest" time="0.006"/>
  <testcase name="checkHands[26]" classname="HandTest" time="0.006"/>
  <testcase name="checkHands[27]" classname="HandTest" time="0.014"/>
  <testcase name="checkHands[28]" classname="HandTest" time="0.006"/>
  <testcase name="checkHands[29]" classname="HandTest" time="0.005"/>
  <testcase name="checkHands[30]" classname="HandTest" time="0.006"/>
  <testcase name="checkHands[31]" classname="HandTest" time="0.006"/>
  <testcase name="checkHands[32]" classname="HandTest" time="0.006"/>
  <testcase name="checkHands[33]" classname="HandTest" time="0.016"/>
</testsuite>